<?xml version="1.0" encoding="UTF-8"?>
<testsuite name="Test" tests="1" skipped="0" failures="0" errors="0" timestamp="2022-11-20T22:28:59" hostname="JAN" time="0.053">
  <properties/>
  <testcase name="pythagoraeischeZahlentripel()" classname="Test" time="0.053"/>
  <system-out><![CDATA[1, 4, 9, 16, 25, 36, 49, 64, 81, 100, 121, 144, 169, 196, 225, 256, 289, 324, 361, 400, 441, 484, 529, 576, 625, 676, 729, 784, 841, 900, 961
3^2 + 4^2 = 5^2
5^2 + 12^2 = 13^2
6^2 + 8^2 = 10^2
7^2 + 24^2 = 25^2
8^2 + 15^2 = 17^2
9^2 + 12^2 = 15^2
10^2 + 24^2 = 26^2
12^2 + 16^2 = 20^2
15^2 + 20^2 = 25^2
18^2 + 24^2 = 30^2
20^2 + 21^2 = 29^2
]]></system-out>
  <system-err><![CDATA[]]></system-err>
</testsuite>
